<?xml version="1.0" encoding="UTF-8"?>
<!-- Generated by org.testng.reporters.JUnitReportReporter -->
<testsuite skipped="0" hostname="user-PC" name="com.POM.POM_002" tests="1" failures="0" timestamp="2020-09-28T12:59:48 IST" time="8.370" errors="0">
  <testcase name="login" time="8.370" classname="com.POM.POM_002"/>
  <system-out/>
</testsuite> <!-- com.POM.POM_002 -->
