<?xml version="1.0" encoding="UTF-8"?>
<!-- Generated by org.testng.reporters.JUnitReportReporter -->
<testsuite skipped="0" hostname="user-PC" name="com.project.TC_003" tests="1" failures="0" timestamp="2020-11-04T16:13:25 IST" time="31.293" errors="0">
  <testcase name="amazon" time="31.293" classname="com.project.TC_003"/>
  <system-out/>
</testsuite> <!-- com.project.TC_003 -->
