<?xml version="1.0" encoding="UTF-8"?>
<!-- Generated by org.testng.reporters.JUnitReportReporter -->
<testsuite skipped="0" hostname="user-PC" name="com.POM.POM_001" tests="1" failures="0" timestamp="2020-09-28T12:43:59 IST" time="10.801" errors="0">
  <testcase name="login" time="10.801" classname="com.POM.POM_001"/>
  <system-out/>
</testsuite> <!-- com.POM.POM_001 -->
