<?xml version="1.0" encoding="UTF-8"?>
<!-- Generated by org.testng.reporters.JUnitReportReporter -->
<testsuite skipped="0" hostname="user-PC" name="com.project.TC_003" tests="1" failures="0" timestamp="2020-11-15T12:51:00 IST" time="46.194" errors="0">
  <testcase name="amazon" time="46.194" classname="com.project.TC_003"/>
  <system-out/>
</testsuite> <!-- com.project.TC_003 -->
